0 info it worked if it ends with ok
1 verbose cli [
1 verbose cli   '/usr/local/Cellar/node/12.11.1/bin/node',
1 verbose cli   '/usr/local/bin/npm',
1 verbose cli   'i'
1 verbose cli ]
2 info using npm@2.15.5
3 info using node@v12.11.1
4 verbose readDependencies loading dependencies from /Users/dingsihan/Desktop/teach-ai-collated-github/frontend-dashboard/package.json
5 error install Couldn't read dependencies
6 verbose stack Error: ENOENT: no such file or directory, open '/Users/dingsihan/Desktop/teach-ai-collated-github/frontend-dashboard/package.json'
7 verbose cwd /Users/dingsihan/Desktop/teach-ai-collated-github/frontend-dashboard
8 error Darwin 18.7.0
9 error argv "/usr/local/Cellar/node/12.11.1/bin/node" "/usr/local/bin/npm" "i"
10 error node v12.11.1
11 error npm  v2.15.5
12 error path /Users/dingsihan/Desktop/teach-ai-collated-github/frontend-dashboard/package.json
13 error code ENOPACKAGEJSON
14 error errno -2
15 error syscall open
16 error package.json ENOENT: no such file or directory, open '/Users/dingsihan/Desktop/teach-ai-collated-github/frontend-dashboard/package.json'
16 error package.json This is most likely not a problem with npm itself.
16 error package.json npm can't find a package.json file in your current directory.
17 verbose exit [ -2, true ]
